Library/build/outputs/logs/manifest-merger-debug-report.txt
-- Merging decision tree log ---
manifest
ADDED from AndroidManifest.xml:2:1
	xmlns:tools
		ADDED from AndroidManifest.xml:3:11
	xmlns:android
		ADDED from AndroidManifest.xml:2:11
	package
		ADDED from AndroidManifest.xml:5:11
		INJECTED from AndroidManifest.xml:0:0
		INJECTED from AndroidManifest.xml:0:0
	android:versionName
		ADDED from AndroidManifest.xml:7:11
		INJECTED from AndroidManifest.xml:0:0
		INJECTED from AndroidManifest.xml:0:0
	android:versionCode
		ADDED from AndroidManifest.xml:6:11
		INJECTED from AndroidManifest.xml:0:0
		INJECTED from AndroidManifest.xml:0:0
	android:installLocation
		ADDED from AndroidManifest.xml:4:11
uses-permission#android.permission.WRITE_SETTINGS
ADDED from AndroidManifest.xml:8:5
	android:name
		ADDED from AndroidManifest.xml:8:22
uses-permission#android.permission.ACCESS_NETWORK_STATE
ADDED from AndroidManifest.xml:9:5
	android:name
		ADDED from AndroidManifest.xml:9:22
uses-permission#android.permission.READ_EXTERNAL_STORAGE
ADDED from AndroidManifest.xml:10:5
	android:name
		ADDED from AndroidManifest.xml:10:22
uses-permission#android.permission.WRITE_EXTERNAL_STORAGE
ADDED from AndroidManifest.xml:11:5
	android:name
		ADDED from AndroidManifest.xml:11:22
uses-permission#android.permission.INTERNET
ADDED from AndroidManifest.xml:12:5
	android:name
		ADDED from AndroidManifest.xml:12:22
uses-permission#android.permission.READ_CONTACTS
ADDED from AndroidManifest.xml:13:5
	android:name
		ADDED from AndroidManifest.xml:13:22
uses-permission#android.permission.CALL_PHONE
ADDED from AndroidManifest.xml:14:5
	android:name
		ADDED from AndroidManifest.xml:14:22
uses-permission#android.permission.GET_TASKS
ADDED from AndroidManifest.xml:15:5
	android:name
		ADDED from AndroidManifest.xml:15:22
uses-permission#android.permission.READ_PHONE_STATE
ADDED from AndroidManifest.xml:16:5
	android:name
		ADDED from AndroidManifest.xml:16:22
uses-permission#android.permission.MOUNT_UNMOUNT_FILESYSTEMS
ADDED from AndroidManifest.xml:17:5
	android:name
		ADDED from AndroidManifest.xml:17:22
uses-permission#android.permission.RECORD_AUDIO
ADDED from AndroidManifest.xml:18:5
	android:name
		ADDED from AndroidManifest.xml:18:22
uses-permission#android.permission.RECEIVE_BOOT_COMPLETED
ADDED from AndroidManifest.xml:19:5
	android:name
		ADDED from AndroidManifest.xml:19:22
uses-permission#android.permission.WAKE_LOCK
ADDED from AndroidManifest.xml:20:5
	android:name
		ADDED from AndroidManifest.xml:20:22
uses-permission#android.permission.VIBRATE
ADDED from AndroidManifest.xml:21:5
	android:name
		ADDED from AndroidManifest.xml:21:22
uses-permission#android.permission.ACCESS_FINE_LOCATION
ADDED from AndroidManifest.xml:22:5
	android:name
		ADDED from AndroidManifest.xml:22:22
uses-permission#android.permission.ACCESS_COARSE_LOCATION
ADDED from AndroidManifest.xml:23:5
	android:name
		ADDED from AndroidManifest.xml:23:22
uses-permission#android.permission.ACCESS_WIFI_STATE
ADDED from AndroidManifest.xml:24:5
	android:name
		ADDED from AndroidManifest.xml:24:22
uses-permission#android.permission.MODIFY_AUDIO_SETTINGS
ADDED from AndroidManifest.xml:25:5
	android:name
		ADDED from AndroidManifest.xml:25:22
uses-permission#android.permission.CHANGE_WIFI_STATE
ADDED from AndroidManifest.xml:26:5
	android:name
		ADDED from AndroidManifest.xml:26:22
uses-permission#android.permission.CHANGE_NETWORK_STATE
ADDED from AndroidManifest.xml:27:5
	android:name
		ADDED from AndroidManifest.xml:27:22
uses-permission#android.permission.RESTART_PACKAGES
ADDED from AndroidManifest.xml:29:5
	android:name
		ADDED from AndroidManifest.xml:29:22
uses-permission#android.permission.BROADCAST_STICKY
ADDED from AndroidManifest.xml:30:5
	android:name
		ADDED from AndroidManifest.xml:30:22
uses-permission#android.permission.RECEIVE_USER_PRESENT
ADDED from AndroidManifest.xml:31:5
	android:name
		ADDED from AndroidManifest.xml:31:22
uses-permission#android.permission.KILL_BACKGROUND_PROCESSES
ADDED from AndroidManifest.xml:32:5
	android:name
		ADDED from AndroidManifest.xml:32:22
application
ADDED from AndroidManifest.xml:34:5
MERGED from :pull-to-refresh::11:5
	android:label
		ADDED from AndroidManifest.xml:39:9
		REJECTED from :pull-to-refresh::13:9
	android:allowBackup
		ADDED from AndroidManifest.xml:36:9
	android:icon
		ADDED from AndroidManifest.xml:37:9
	android:theme
		ADDED from AndroidManifest.xml:40:9
	android:hardwareAccelerated
		ADDED from AndroidManifest.xml:38:9
	tools:replace
		ADDED from AndroidManifest.xml:41:9
	android:name
		ADDED from AndroidManifest.xml:35:9
meta-data#app_type
ADDED from AndroidManifest.xml:43:9
	android:name
		ADDED from AndroidManifest.xml:43:20
	android:value
		ADDED from AndroidManifest.xml:43:44
meta-data#app_name
ADDED from AndroidManifest.xml:44:9
	android:name
		ADDED from AndroidManifest.xml:44:21
	android:value
		ADDED from AndroidManifest.xml:44:45
meta-data#app_build
ADDED from AndroidManifest.xml:45:9
	android:name
		ADDED from AndroidManifest.xml:45:20
	android:value
		ADDED from AndroidManifest.xml:45:45
meta-data#app_mode
ADDED from AndroidManifest.xml:46:9
	android:name
		ADDED from AndroidManifest.xml:46:20
	android:value
		ADDED from AndroidManifest.xml:46:44
meta-data#app_channel
ADDED from AndroidManifest.xml:47:9
	android:name
		ADDED from AndroidManifest.xml:47:20
	android:value
		ADDED from AndroidManifest.xml:47:47
meta-data#appId
ADDED from AndroidManifest.xml:48:9
	android:name
		ADDED from AndroidManifest.xml:48:20
	android:value
		ADDED from AndroidManifest.xml:48:41
meta-data#XG_V2_ACCESS_ID
ADDED from AndroidManifest.xml:50:9
	android:name
		ADDED from AndroidManifest.xml:50:20
	android:value
		ADDED from AndroidManifest.xml:50:51
meta-data#XG_V2_ACCESS_KEY
ADDED from AndroidManifest.xml:51:9
	android:name
		ADDED from AndroidManifest.xml:51:20
	android:value
		ADDED from AndroidManifest.xml:51:52
meta-data#TencentMapSDK
ADDED from AndroidManifest.xml:53:9
	android:name
		ADDED from AndroidManifest.xml:53:20
	android:value
		ADDED from AndroidManifest.xml:53:49
activity#com.mini.activity.main.MNMainActivity
ADDED from AndroidManifest.xml:55:9
	android:screenOrientation
		ADDED from AndroidManifest.xml:58:13
	android:label
		ADDED from AndroidManifest.xml:57:13
	android:name
		ADDED from AndroidManifest.xml:56:13
intent-filter#android.intent.action.MAIN+android.intent.category.LAUNCHER
ADDED from AndroidManifest.xml:59:13
action#android.intent.action.MAIN
ADDED from AndroidManifest.xml:60:17
	android:name
		ADDED from AndroidManifest.xml:60:25
category#android.intent.category.LAUNCHER
ADDED from AndroidManifest.xml:61:17
	android:name
		ADDED from AndroidManifest.xml:61:27
activity#com.mini.activity.main.MNRegisterResultActivity
ADDED from AndroidManifest.xml:65:9
	android:screenOrientation
		ADDED from AndroidManifest.xml:67:13
	android:name
		ADDED from AndroidManifest.xml:66:13
activity#com.mini.activity.main.MNSigninActivity
ADDED from AndroidManifest.xml:69:9
	android:screenOrientation
		ADDED from AndroidManifest.xml:71:13
	android:name
		ADDED from AndroidManifest.xml:70:13
activity#com.mini.activity.main.MNRegisterActivity
ADDED from AndroidManifest.xml:73:9
	android:screenOrientation
		ADDED from AndroidManifest.xml:75:13
	android:name
		ADDED from AndroidManifest.xml:74:13
activity#com.mini.activity.main.MNMainTabActivity
ADDED from AndroidManifest.xml:77:9
	android:screenOrientation
		ADDED from AndroidManifest.xml:79:13
	android:name
		ADDED from AndroidManifest.xml:78:13
activity#com.mini.activity.comm.MNPushRouteActivity
ADDED from AndroidManifest.xml:81:9
	android:screenOrientation
		ADDED from AndroidManifest.xml:83:13
	android:name
		ADDED from AndroidManifest.xml:82:13
activity#com.mini.activity.comm.MNWebViewActivity
ADDED from AndroidManifest.xml:85:9
	android:screenOrientation
		ADDED from AndroidManifest.xml:87:13
	android:name
		ADDED from AndroidManifest.xml:86:13
activity#com.mini.activity.mess.ExMessActivity
ADDED from AndroidManifest.xml:89:9
	android:screenOrientation
		ADDED from AndroidManifest.xml:91:13
	android:name
		ADDED from AndroidManifest.xml:90:13
activity#com.mini.activity.profile.ExProfileActivity
ADDED from AndroidManifest.xml:93:9
	android:screenOrientation
		ADDED from AndroidManifest.xml:95:13
	android:name
		ADDED from AndroidManifest.xml:94:13
activity#com.mini.activity.post.ExPostActivity
ADDED from AndroidManifest.xml:97:9
	android:screenOrientation
		ADDED from AndroidManifest.xml:99:13
	android:name
		ADDED from AndroidManifest.xml:98:13
activity#com.mini.activity.send.ExSendActivity
ADDED from AndroidManifest.xml:101:9
	android:screenOrientation
		ADDED from AndroidManifest.xml:103:13
	android:name
		ADDED from AndroidManifest.xml:102:13
activity#com.mini.activity.send.ExDispatchActivity
ADDED from AndroidManifest.xml:105:9
	android:screenOrientation
		ADDED from AndroidManifest.xml:107:13
	android:name
		ADDED from AndroidManifest.xml:106:13
activity#com.mini.activity.send.ExDispatchDetailActivity
ADDED from AndroidManifest.xml:108:9
	android:screenOrientation
		ADDED from AndroidManifest.xml:110:13
	android:name
		ADDED from AndroidManifest.xml:109:13
activity#com.mini.activity.send.ExOrderDetailActivity
ADDED from AndroidManifest.xml:112:9
	android:screenOrientation
		ADDED from AndroidManifest.xml:114:13
	android:name
		ADDED from AndroidManifest.xml:113:13
activity#com.mini.activity.send.ExOrderFinishDetailActivity
ADDED from AndroidManifest.xml:116:9
	android:screenOrientation
		ADDED from AndroidManifest.xml:118:13
	android:name
		ADDED from AndroidManifest.xml:117:13
activity#com.mini.activity.send.ExSendPackageActivity
ADDED from AndroidManifest.xml:120:9
	android:screenOrientation
		ADDED from AndroidManifest.xml:122:13
	android:name
		ADDED from AndroidManifest.xml:121:13
activity#com.mini.activity.send.ExSendPackageInfoActivity
ADDED from AndroidManifest.xml:124:9
	android:screenOrientation
		ADDED from AndroidManifest.xml:126:13
	android:name
		ADDED from AndroidManifest.xml:125:13
activity#com.mini.activity.send.ExSendPackageConfirmActivity
ADDED from AndroidManifest.xml:128:9
	android:screenOrientation
		ADDED from AndroidManifest.xml:130:13
	android:name
		ADDED from AndroidManifest.xml:129:13
activity#com.mini.activity.send.ExSendPackagePaymentActivity
ADDED from AndroidManifest.xml:132:9
	android:screenOrientation
		ADDED from AndroidManifest.xml:134:13
	android:name
		ADDED from AndroidManifest.xml:133:13
activity#com.mini.activity.send.ExSendPackageSuccessActivity
ADDED from AndroidManifest.xml:136:9
	android:screenOrientation
		ADDED from AndroidManifest.xml:138:13
	android:name
		ADDED from AndroidManifest.xml:137:13
activity#com.mini.activity.profile.ExProfileInfoActivity
ADDED from AndroidManifest.xml:140:9
	android:screenOrientation
		ADDED from AndroidManifest.xml:142:13
	android:name
		ADDED from AndroidManifest.xml:141:13
activity#com.mini.activity.profile.ExBecomeDispatcherActivity
ADDED from AndroidManifest.xml:144:9
	android:screenOrientation
		ADDED from AndroidManifest.xml:146:13
	android:name
		ADDED from AndroidManifest.xml:145:13
activity#com.mini.activity.profile.ExOrderListIndexActivity
ADDED from AndroidManifest.xml:148:9
	android:screenOrientation
		ADDED from AndroidManifest.xml:150:13
	android:name
		ADDED from AndroidManifest.xml:149:13
activity#com.mini.activity.profile.ExOrderListActivity
ADDED from AndroidManifest.xml:152:9
	android:screenOrientation
		ADDED from AndroidManifest.xml:154:13
	android:name
		ADDED from AndroidManifest.xml:153:13
activity#com.mini.activity.profile.ExSettingActivity
ADDED from AndroidManifest.xml:156:9
	android:screenOrientation
		ADDED from AndroidManifest.xml:158:13
	android:name
		ADDED from AndroidManifest.xml:157:13
activity#com.mini.activity.profile.ExLinesActivity
ADDED from AndroidManifest.xml:160:9
	android:screenOrientation
		ADDED from AndroidManifest.xml:162:13
	android:name
		ADDED from AndroidManifest.xml:161:13
activity#com.mini.activity.profile.ExLinesSetActivity
ADDED from AndroidManifest.xml:164:9
	android:screenOrientation
		ADDED from AndroidManifest.xml:166:13
	android:name
		ADDED from AndroidManifest.xml:165:13
activity#com.mini.activity.comm.MNCityPickerActivity
ADDED from AndroidManifest.xml:168:9
	android:screenOrientation
		ADDED from AndroidManifest.xml:170:13
	android:name
		ADDED from AndroidManifest.xml:169:13
activity#com.mini.activity.send.ExPackageDetailActivity
ADDED from AndroidManifest.xml:172:9
	android:screenOrientation
		ADDED from AndroidManifest.xml:174:13
	android:name
		ADDED from AndroidManifest.xml:173:13
activity#com.mini.activity.main.MNForgotPasswdActivity
ADDED from AndroidManifest.xml:176:9
	android:screenOrientation
		ADDED from AndroidManifest.xml:178:13
	android:name
		ADDED from AndroidManifest.xml:177:13
activity#com.mini.activity.main.MNVCodeActivity
ADDED from AndroidManifest.xml:180:9
	android:screenOrientation
		ADDED from AndroidManifest.xml:182:13
	android:name
		ADDED from AndroidManifest.xml:181:13
activity#com.mini.activity.main.MNRestPasswdActivity
ADDED from AndroidManifest.xml:184:9
	android:screenOrientation
		ADDED from AndroidManifest.xml:186:13
	android:name
		ADDED from AndroidManifest.xml:185:13
activity#com.mini.activity.profile.ExChangeMobileActivity
ADDED from AndroidManifest.xml:188:9
	android:screenOrientation
		ADDED from AndroidManifest.xml:190:13
	android:name
		ADDED from AndroidManifest.xml:189:13
activity#com.mini.activity.profile.ExChangeNicknameActivity
ADDED from AndroidManifest.xml:192:9
	android:screenOrientation
		ADDED from AndroidManifest.xml:194:13
	android:name
		ADDED from AndroidManifest.xml:193:13
activity#com.mini.activity.profile.ExChangePasswdActivity
ADDED from AndroidManifest.xml:196:9
	android:screenOrientation
		ADDED from AndroidManifest.xml:198:13
	android:name
		ADDED from AndroidManifest.xml:197:13
activity#com.mini.activity.send.ExFeedbackActivity
ADDED from AndroidManifest.xml:200:9
	android:screenOrientation
		ADDED from AndroidManifest.xml:202:13
	android:name
		ADDED from AndroidManifest.xml:201:13
activity#com.mini.activity.post.ExUserInfoEditorActivity
ADDED from AndroidManifest.xml:204:10
	android:screenOrientation
		ADDED from AndroidManifest.xml:206:13
	android:name
		ADDED from AndroidManifest.xml:205:13
activity#com.mini.activity.post.ExEditorActivity
ADDED from AndroidManifest.xml:208:9
	android:screenOrientation
		ADDED from AndroidManifest.xml:210:13
	android:name
		ADDED from AndroidManifest.xml:209:13
activity#com.tencent.android.tpush.XGPushActivity
ADDED from AndroidManifest.xml:213:9
	android:theme
		ADDED from AndroidManifest.xml:215:13
	android:exported
		ADDED from AndroidManifest.xml:216:13
	android:name
		ADDED from AndroidManifest.xml:214:13
intent-filter#android.intent.action
ADDED from AndroidManifest.xml:217:13
action#android.intent.action
ADDED from AndroidManifest.xml:219:17
	android:name
		ADDED from AndroidManifest.xml:219:25
receiver#com.tencent.android.tpush.XGPushReceiver
ADDED from AndroidManifest.xml:222:9
	android:process
		ADDED from AndroidManifest.xml:224:13
	android:name
		ADDED from AndroidManifest.xml:223:13
intent-filter#android.bluetooth.adapter.action.STATE_CHANGED+android.intent.action.ACTION_POWER_CONNECTED+android.intent.action.ACTION_POWER_DISCONNECTED+android.intent.action.USER_PRESENT+android.net.conn.CONNECTIVITY_CHANGE+com.tencent.android.tpush.action.INTERNAL_PUSH_MESSAGE+com.tencent.android.tpush.action.SDK
ADDED from AndroidManifest.xml:225:13
	android:priority
		ADDED from AndroidManifest.xml:225:28
action#com.tencent.android.tpush.action.SDK
ADDED from AndroidManifest.xml:228:17
	android:name
		ADDED from AndroidManifest.xml:228:25
action#com.tencent.android.tpush.action.INTERNAL_PUSH_MESSAGE
ADDED from AndroidManifest.xml:229:17
	android:name
		ADDED from AndroidManifest.xml:229:25
action#android.intent.action.USER_PRESENT
ADDED from AndroidManifest.xml:231:17
	android:name
		ADDED from AndroidManifest.xml:231:25
action#android.net.conn.CONNECTIVITY_CHANGE
ADDED from AndroidManifest.xml:232:17
	android:name
		ADDED from AndroidManifest.xml:232:25
action#android.bluetooth.adapter.action.STATE_CHANGED
ADDED from AndroidManifest.xml:235:17
	android:name
		ADDED from AndroidManifest.xml:235:25
action#android.intent.action.ACTION_POWER_CONNECTED
ADDED from AndroidManifest.xml:236:17
	android:name
		ADDED from AndroidManifest.xml:236:25
action#android.intent.action.ACTION_POWER_DISCONNECTED
ADDED from AndroidManifest.xml:237:17
	android:name
		ADDED from AndroidManifest.xml:237:25
intent-filter#android.intent.action.MEDIA_CHECKING+android.intent.action.MEDIA_EJECT+android.intent.action.MEDIA_REMOVED+android.intent.action.MEDIA_UNMOUNTED
ADDED from AndroidManifest.xml:240:13
	android:priority
		ADDED from AndroidManifest.xml:240:28
action#android.intent.action.MEDIA_UNMOUNTED
ADDED from AndroidManifest.xml:241:17
	android:name
		ADDED from AndroidManifest.xml:241:25
action#android.intent.action.MEDIA_REMOVED
ADDED from AndroidManifest.xml:242:17
	android:name
		ADDED from AndroidManifest.xml:242:25
action#android.intent.action.MEDIA_CHECKING
ADDED from AndroidManifest.xml:243:17
	android:name
		ADDED from AndroidManifest.xml:243:25
action#android.intent.action.MEDIA_EJECT
ADDED from AndroidManifest.xml:244:17
	android:name
		ADDED from AndroidManifest.xml:244:25
data
ADDED from AndroidManifest.xml:246:17
	android:scheme
		ADDED from AndroidManifest.xml:246:23
service#com.tencent.android.tpush.service.XGPushService
ADDED from AndroidManifest.xml:249:9
	android:process
		ADDED from AndroidManifest.xml:253:13
	android:exported
		ADDED from AndroidManifest.xml:251:13
	android:persistent
		ADDED from AndroidManifest.xml:252:13
	android:name
		ADDED from AndroidManifest.xml:250:13
service#com.tencent.android.tpush.rpc.XGRemoteService
ADDED from AndroidManifest.xml:254:9
	android:exported
		ADDED from AndroidManifest.xml:256:13
	android:name
		ADDED from AndroidManifest.xml:255:13
intent-filter#com.mini.express.PUSH_ACTION
ADDED from AndroidManifest.xml:257:13
action#com.mini.express.PUSH_ACTION
ADDED from AndroidManifest.xml:259:17
	android:name
		ADDED from AndroidManifest.xml:259:25
receiver#com.mini.receiver.MessageReceiver
ADDED from AndroidManifest.xml:262:9
	android:name
		ADDED from AndroidManifest.xml:262:19
intent-filter#com.tencent.android.tpush.action.FEEDBACK+com.tencent.android.tpush.action.PUSH_MESSAGE
ADDED from AndroidManifest.xml:263:13
action#com.tencent.android.tpush.action.PUSH_MESSAGE
ADDED from AndroidManifest.xml:265:17
	android:name
		ADDED from AndroidManifest.xml:265:25
action#com.tencent.android.tpush.action.FEEDBACK
ADDED from AndroidManifest.xml:267:17
	android:name
		ADDED from AndroidManifest.xml:267:25
activity#org.mini.frame.photoview.MiniCustomSelectPicActivity
ADDED from AndroidManifest.xml:272:9
	android:screenOrientation
		ADDED from AndroidManifest.xml:274:13
	android:name
		ADDED from AndroidManifest.xml:273:13
activity#org.mini.frame.photoview.MiniCustomSelectPicDetailActivity
ADDED from AndroidManifest.xml:276:9
	android:screenOrientation
		ADDED from AndroidManifest.xml:278:13
	android:name
		ADDED from AndroidManifest.xml:277:13
activity#org.mini.frame.photoview.MiniCustomSelectPicPreviewActivity
ADDED from AndroidManifest.xml:280:9
	android:screenOrientation
		ADDED from AndroidManifest.xml:282:13
	android:name
		ADDED from AndroidManifest.xml:281:13
activity#org.mini.frame.activity.MiniPhotoViewActivity
ADDED from AndroidManifest.xml:284:9
	android:screenOrientation
		ADDED from AndroidManifest.xml:286:13
	android:name
		ADDED from AndroidManifest.xml:285:13
activity#com.alipay.sdk.app.H5PayActivity
ADDED from AndroidManifest.xml:288:9
	android:screenOrientation
		ADDED from AndroidManifest.xml:292:13
	android:configChanges
		ADDED from AndroidManifest.xml:290:13
	android:exported
		ADDED from AndroidManifest.xml:291:13
	android:name
		ADDED from AndroidManifest.xml:289:13
activity#com.alipay.sdk.auth.AuthActivity
ADDED from AndroidManifest.xml:294:9
	android:screenOrientation
		ADDED from AndroidManifest.xml:298:13
	android:configChanges
		ADDED from AndroidManifest.xml:296:13
	android:exported
		ADDED from AndroidManifest.xml:297:13
	android:name
		ADDED from AndroidManifest.xml:295:13
receiver#com.mini.core.service.CEStartService
ADDED from AndroidManifest.xml:300:9
	android:label
		ADDED from AndroidManifest.xml:302:13
	android:name
		ADDED from AndroidManifest.xml:301:13
intent-filter#android.intent.action.BOOT_COMPLETED+android.intent.category.LAUNCHER
ADDED from AndroidManifest.xml:303:13
action#android.intent.action.BOOT_COMPLETED
ADDED from AndroidManifest.xml:304:17
	android:name
		ADDED from AndroidManifest.xml:304:25
uses-sdk
INJECTED from AndroidManifest.xml:0:0 reason: use-sdk injection requested
MERGED from :page-indicator::7:5
MERGED from :pull-to-refresh::7:5
MERGED from :ToggleButtonLib::7:5
MERGED from :swipe_layout::6:5
	android:targetSdkVersion
		INJECTED from AndroidManifest.xml:0:0
		INJECTED from AndroidManifest.xml:0:0
	android:minSdkVersion
		INJECTED from AndroidManifest.xml:0:0
		INJECTED from AndroidManifest.xml:0:0